#
# There is insufficient memory for the Java Runtime Environment to continue.
# Native memory allocation (mmap) failed to map 197132288 bytes for Failed to commit area from 0x0000000744e00000 to 0x0000000750a00000 of length 197132288.
# Possible reasons:
#   The system is out of physical RAM or swap space
#   The process is running with CompressedOops enabled, and the Java Heap may be blocking the growth of the native heap
# Possible solutions:
#   Reduce memory load on the system
#   Increase physical memory or swap space
#   Check if swap backing store is full
#   Decrease Java heap size (-Xmx/-Xms)
#   Decrease number of Java threads
#   Decrease Java thread stack sizes (-Xss)
#   Set larger code cache with -XX:ReservedCodeCacheSize=
#   JVM is running with Zero Based Compressed Oops mode in which the Java heap is
#     placed in the first 32GB address space. The Java Heap base address is the
#     maximum limit for the native heap growth. Please use -XX:HeapBaseMinAddress
#     to set the Java Heap base and to place the Java Heap above 32GB virtual address.
# This output file may be truncated or incomplete.
#
#  Out of Memory Error (./open/src/hotspot/os/windows/os_windows.cpp:3315), pid=25348, tid=25400
#
# JRE version:  (14.0.1+7) (build )
# Java VM: Java HotSpot(TM) 64-Bit Server VM (14.0.1+7, mixed mode, sharing, tiered, compressed oops, g1 gc, windows-amd64)
# No core dump will be written. Minidumps are not enabled by default on client versions of Windows
#

---------------  S U M M A R Y ------------

Command Line: -Dfile.encoding=Cp1252 --module-path=C:\Users\Anurag\workspace\Emp_mangament_system\bin -Djdk.module.main=emp_mangament_system emp_mangament_system/employee_pkg.front

Host: Intel(R) Core(TM) i7-4600U CPU @ 2.10GHz, 4 cores, 11G,  Windows 10 , 64 bit Build 19041 (10.0.19041.928)
Time: Sat May  1 00:15:53 2021 Eastern Summer Time elapsed time: 0 seconds (0d 0h 0m 0s)

---------------  T H R E A D  ---------------

Current thread (0x000002035335d800):  JavaThread "Unknown thread" [_thread_in_vm, id=25400, stack(0x0000002c8a100000,0x0000002c8a200000)]

Stack: [0x0000002c8a100000,0x0000002c8a200000]
Native frames: (J=compiled Java code, j=interpreted, Vv=VM code, C=native code)
V  [jvm.dll+0x5f840a]
V  [jvm.dll+0x741e4a]
V  [jvm.dll+0x7435ff]
V  [jvm.dll+0x743c43]
V  [jvm.dll+0x20d288]
V  [jvm.dll+0x5f57ba]
V  [jvm.dll+0x5ea615]
V  [jvm.dll+0x2c7e9c]
V  [jvm.dll+0x2c7cd2]
V  [jvm.dll+0x2cdbbc]
V  [jvm.dll+0x313ff8]
V  [jvm.dll+0x313720]
V  [jvm.dll+0x2a092a]
V  [jvm.dll+0x2a1a79]
V  [jvm.dll+0x71f718]
V  [jvm.dll+0x321c44]
V  [jvm.dll+0x700b0c]
V  [jvm.dll+0x392dff]
V  [jvm.dll+0x394e71]
C  [jli.dll+0x523b]
C  [ucrtbase.dll+0x21bb2]
C  [KERNEL32.DLL+0x17034]
C  [ntdll.dll+0x52651]


---------------  P R O C E S S  ---------------

Threads class SMR info:
_java_thread_list=0x00007ff853863078, length=0, elements={
}

Java Threads: ( => current thread )

Other Threads:
  0x00000203533b0800 GCTaskThread "GC Thread#0" [stack: 0x0000002c8a200000,0x0000002c8a300000] [id=25404]
  0x00000203533ca000 ConcurrentGCThread "G1 Main Marker" [stack: 0x0000002c8a300000,0x0000002c8a400000] [id=25408]
  0x00000203533cb800 ConcurrentGCThread "G1 Conc#0" [stack: 0x0000002c8a400000,0x0000002c8a500000] [id=25412]

[error occurred during error reporting (printing all threads), id 0xc0000005, EXCEPTION_ACCESS_VIOLATION (0xc0000005) at pc=0x00007ff853091257]

VM state:not at safepoint (not fully initialized)

VM Mutex/Monitor currently owned by a thread:  ([mutex/lock_event])
[0x00000203533577b0] Heap_lock - owner thread: 0x000002035335d800

Heap address: 0x0000000744e00000, size: 2994 MB, Compressed Oops mode: Zero based, Oop shift amount: 3
Narrow klass base: 0x0000000000000000, Narrow klass shift: 0

GC Heap History (0 events):
No events

Deoptimization events (0 events):
No events

Classes unloaded (0 events):
No events

Classes redefined (0 events):
No events

Internal exceptions (0 events):
No events

Events (2 events):
Event: 0.009 Loaded shared library C:\Program Files\Java\jdk-14.0.1\bin\java.dll
Event: 0.010 Loaded shared library C:\Program Files\Java\jdk-14.0.1\bin\zip.dll


Dynamic libraries:
0x00007ff680d10000 - 0x00007ff680d1f000 	C:\Program Files\Java\jdk-14.0.1\bin\javaw.exe
0x00007ff8c6370000 - 0x00007ff8c6565000 	C:\WINDOWS\SYSTEM32\ntdll.dll
0x00007ff8c5d30000 - 0x00007ff8c5ded000 	C:\WINDOWS\System32\KERNEL32.DLL
0x00007ff8c3ab0000 - 0x00007ff8c3d78000 	C:\WINDOWS\System32\KERNELBASE.dll
0x00007ff8c0460000 - 0x00007ff8c04f0000 	C:\WINDOWS\SYSTEM32\apphelp.dll
0x00007ff8c4090000 - 0x00007ff8c4190000 	C:\WINDOWS\System32\ucrtbase.dll
0x00007ff8b8ca0000 - 0x00007ff8b8cb5000 	C:\Program Files\Java\jdk-14.0.1\bin\VCRUNTIME140.dll
0x00007ff8b9bd0000 - 0x00007ff8b9be8000 	C:\Program Files\Java\jdk-14.0.1\bin\jli.dll
0x00007ff8c5290000 - 0x00007ff8c533c000 	C:\WINDOWS\System32\ADVAPI32.dll
0x00007ff8c4fa0000 - 0x00007ff8c503e000 	C:\WINDOWS\System32\msvcrt.dll
0x00007ff8c5040000 - 0x00007ff8c50db000 	C:\WINDOWS\System32\sechost.dll
0x00007ff8c4d50000 - 0x00007ff8c4e7b000 	C:\WINDOWS\System32\RPCRT4.dll
0x00007ff8c5700000 - 0x00007ff8c58a0000 	C:\WINDOWS\System32\USER32.dll
0x00007ff8c3e30000 - 0x00007ff8c3e52000 	C:\WINDOWS\System32\win32u.dll
0x00007ff8c4b50000 - 0x00007ff8c4b7a000 	C:\WINDOWS\System32\GDI32.dll
0x00007ff8abee0000 - 0x00007ff8ac17a000 	C:\WINDOWS\WinSxS\amd64_microsoft.windows.common-controls_6595b64144ccf1df_6.0.19041.844_none_ca00b6081b84eb1d\COMCTL32.dll
0x00007ff8c4190000 - 0x00007ff8c429b000 	C:\WINDOWS\System32\gdi32full.dll
0x00007ff8c3fc0000 - 0x00007ff8c405d000 	C:\WINDOWS\System32\msvcp_win.dll
0x00007ff8b9c10000 - 0x00007ff8b9c1a000 	C:\WINDOWS\SYSTEM32\VERSION.dll
0x00007ff8c5b20000 - 0x00007ff8c5b50000 	C:\WINDOWS\System32\IMM32.DLL
0x00007ff88a060000 - 0x00007ff88a0fb000 	C:\Program Files\Java\jdk-14.0.1\bin\msvcp140.dll
0x00007ff852de0000 - 0x00007ff8538fe000 	C:\Program Files\Java\jdk-14.0.1\bin\server\jvm.dll
0x00007ff8c4cb0000 - 0x00007ff8c4cb8000 	C:\WINDOWS\System32\PSAPI.DLL
0x00007ff8b72f0000 - 0x00007ff8b7317000 	C:\WINDOWS\SYSTEM32\WINMM.dll
0x00007ff8aaa30000 - 0x00007ff8aaa39000 	C:\WINDOWS\SYSTEM32\WSOCK32.dll
0x00007ff8c59e0000 - 0x00007ff8c5a4b000 	C:\WINDOWS\System32\ws2_32.DLL
0x00007ff8c23d0000 - 0x00007ff8c23e2000 	C:\WINDOWS\SYSTEM32\kernel.appcore.dll
0x00007ff8bbb50000 - 0x00007ff8bbb5a000 	C:\Program Files\Java\jdk-14.0.1\bin\jimage.dll
0x00007ff8ba740000 - 0x00007ff8ba924000 	C:\WINDOWS\SYSTEM32\DBGHELP.DLL
0x00007ff8ba450000 - 0x00007ff8ba47c000 	C:\WINDOWS\SYSTEM32\dbgcore.DLL
0x00007ff8c42f0000 - 0x00007ff8c4370000 	C:\WINDOWS\System32\bcryptPrimitives.dll
0x00007ff8b6c40000 - 0x00007ff8b6c65000 	C:\Program Files\Java\jdk-14.0.1\bin\java.dll
0x00007ff8b88f0000 - 0x00007ff8b8906000 	C:\Program Files\Java\jdk-14.0.1\bin\zip.dll

dbghelp: loaded successfully - version: 4.0.5 - missing functions: none
symbol engine: initialized successfully - sym options: 0x614 - pdb path: .;C:\Program Files\Java\jdk-14.0.1\bin;C:\WINDOWS\SYSTEM32;C:\WINDOWS\WinSxS\amd64_microsoft.windows.common-controls_6595b64144ccf1df_6.0.19041.844_none_ca00b6081b84eb1d;C:\Program Files\Java\jdk-14.0.1\bin\server

VM Arguments:
jvm_args: -Dfile.encoding=Cp1252 --module-path=C:\Users\Anurag\workspace\Emp_mangament_system\bin -Djdk.module.main=emp_mangament_system 
java_command: emp_mangament_system/employee_pkg.front
java_class_path (initial): C:\Users\Anurag\workspace\Emp_mangament_system\src\mysql-connector-java-5.1.24.jar
Launcher Type: SUN_STANDARD

[Global flags]
     intx CICompilerCount                          = 3                                         {product} {ergonomic}
     uint ConcGCThreads                            = 1                                         {product} {ergonomic}
     uint G1ConcRefinementThreads                  = 4                                         {product} {ergonomic}
   size_t G1HeapRegionSize                         = 1048576                                   {product} {ergonomic}
    uintx GCDrainStackTargetSize                   = 64                                        {product} {ergonomic}
   size_t InitialHeapSize                          = 197132288                                 {product} {ergonomic}
   size_t MarkStackSize                            = 4194304                                   {product} {ergonomic}
   size_t MaxHeapSize                              = 3139436544                                {product} {ergonomic}
   size_t MinHeapDeltaBytes                        = 1048576                                   {product} {ergonomic}
   size_t MinHeapSize                              = 8388608                                   {product} {ergonomic}
    uintx NonNMethodCodeHeapSize                   = 5832780                                {pd product} {ergonomic}
    uintx NonProfiledCodeHeapSize                  = 122912730                              {pd product} {ergonomic}
    uintx ProfiledCodeHeapSize                     = 122912730                              {pd product} {ergonomic}
    uintx ReservedCodeCacheSize                    = 251658240                              {pd product} {ergonomic}
     bool SegmentedCodeCache                       = true                                      {product} {ergonomic}
   size_t SoftMaxHeapSize                          = 3139436544                             {manageable} {ergonomic}
     bool UseCompressedClassPointers               = true                                 {lp64_product} {ergonomic}
     bool UseCompressedOops                        = true                                 {lp64_product} {ergonomic}
     bool UseG1GC                                  = true                                      {product} {ergonomic}
     bool UseLargePagesIndividualAllocation        = false                                  {pd product} {ergonomic}

Logging:
Log output configuration:
 #0: stdout all=warning uptime,level,tags
 #1: stderr all=off uptime,level,tags

Environment Variables:
JAVA_HOME=C:\Program Files\Java\jdk-14.0.1
PATH=C:/Program Files/Java/jdk-14.0.1/bin/server;C:/Program Files/Java/jdk-14.0.1/bin;C:\Program Files (x86)\Intel\iCLS Client\;C:\Program Files\Intel\iCLS Client\;C:\WINDOWS\system32;C:\WINDOWS;C:\WINDOWS\System32\Wbem;C:\WINDOWS\System32\WindowsPowerShell\v1.0\;C:\WINDOWS\System32\OpenSSH\;C:\Program Files\Microsoft SQL Server\110\Tools\Binn;C:\Program Files\Microsoft SQL Server\Client SDK\ODBC\170\Tools\Binn\;C:\Program Files (x86)\Intel\Intel(R) Management Engine Components\DAL;C:\Program Files\Intel\Intel(R) Management Engine Components\DAL;C:\Program Files (x86)\Intel\Intel(R) Management Engine Components\IPT;C:\Program Files\Intel\Intel(R) Management Engine Components\IPT;C:\Program Files\Git\cmd;C:\Users\Anurag\anaconda3\Scripts\;C:\Users\Anurag\anaconda3;C:\Program Files\Intel\WiFi\bin\;C:\Program Files\Common Files\Intel\WirelessCommon\;C:\Program Files\Git LFS;C:\Program Files\Java\jdk-14.0.1\bin;C:\Program Files\MySQL\MySQL Shell 8.0\bin\;C:\Users\Anurag;C:\Users\Anurag\AppData\Local\Microsoft\WindowsApps;C:\Program Files\Java\jdk-14.0.1\bin;C:\Users\Anurag\anaconda3;C:\Users\Anurag\anaconda3\Scripts;C:\Program Files\Intel\WiFi\bin\;C:\Program Files\Common Files\Intel\WirelessCommon\;C:\Program Files\MySQL\MySQL Server 8.0\bin;C:\additional package\protoc\bin;C:\Program Files (x86)\GnuWin32\bin;;E:\Softwares\Java Eclipse\eclipse;
USERNAME=Anurag
OS=Windows_NT
PROCESSOR_IDENTIFIER=Intel64 Family 6 Model 69 Stepping 1, GenuineIntel



---------------  S Y S T E M  ---------------

OS: Windows 10 , 64 bit Build 19041 (10.0.19041.928)
OS uptime: 1 days 3:24 hours

CPU:total 4 (initial active 4) (2 cores per cpu, 2 threads per core) family 6 model 69 stepping 1, cmov, cx8, fxsr, mmx, sse, sse2, sse3, ssse3, sse4.1, sse4.2, popcnt, avx, avx2, aes, clmul, erms, lzcnt, ht, tsc, tscinvbit, bmi1, bmi2, fma

Memory: 4k page, system-wide physical 11974M (5148M free)
TotalPageFile size 31700M (AvailPageFile size 84M)
current process WorkingSet (physical memory assigned to process): 10M, peak: 10M
current process commit charge ("private bytes"): 52M, peak: 240M

vm_info: Java HotSpot(TM) 64-Bit Server VM (14.0.1+7) for windows-amd64 JRE (14.0.1+7), built on Mar  5 2020 10:30:14 by "mach5one" with MS VC++ 15.9 (VS2017)

END.
