#
# There is insufficient memory for the Java Runtime Environment to continue.
# Native memory allocation (malloc) failed to allocate 94096 bytes for Chunk::new
# Possible reasons:
#   The system is out of physical RAM or swap space
#   The process is running with CompressedOops enabled, and the Java Heap may be blocking the growth of the native heap
# Possible solutions:
#   Reduce memory load on the system
#   Increase physical memory or swap space
#   Check if swap backing store is full
#   Decrease Java heap size (-Xmx/-Xms)
#   Decrease number of Java threads
#   Decrease Java thread stack sizes (-Xss)
#   Set larger code cache with -XX:ReservedCodeCacheSize=
#   JVM is running with Zero Based Compressed Oops mode in which the Java heap is
#     placed in the first 32GB address space. The Java Heap base address is the
#     maximum limit for the native heap growth. Please use -XX:HeapBaseMinAddress
#     to set the Java Heap base and to place the Java Heap above 32GB virtual address.
# This output file may be truncated or incomplete.
#
#  Out of Memory Error (./open/src/hotspot/share/memory/arena.cpp:195), pid=19644, tid=20100
#
# JRE version: Java(TM) SE Runtime Environment (14.0.1+7) (build 14.0.1+7)
# Java VM: Java HotSpot(TM) 64-Bit Server VM (14.0.1+7, mixed mode, sharing, tiered, compressed oops, g1 gc, windows-amd64)
# No core dump will be written. Minidumps are not enabled by default on client versions of Windows
#

---------------  S U M M A R Y ------------

Command Line: -Dfile.encoding=Cp1252 --module-path=C:\Users\Anurag\workspace\Emp_mangament_system\bin -Djdk.module.main=emp_mangament_system emp_mangament_system/employee_pkg.emp_details

Host: Intel(R) Core(TM) i7-4600U CPU @ 2.10GHz, 4 cores, 11G,  Windows 10 , 64 bit Build 19041 (10.0.19041.928)
Time: Mon May  3 02:29:53 2021 Eastern Summer Time elapsed time: 2 seconds (0d 0h 0m 2s)

---------------  T H R E A D  ---------------

Current thread (0x00000230522df000):  JavaThread "C2 CompilerThread0" daemon [_thread_in_native, id=20100, stack(0x000000fbf8b00000,0x000000fbf8c00000)]


Current CompileTask:
C2:   2152 1551       4       java.util.regex.Matcher::search (154 bytes)

Stack: [0x000000fbf8b00000,0x000000fbf8c00000]
Native frames: (J=compiled Java code, j=interpreted, Vv=VM code, C=native code)
V  [jvm.dll+0x5f840a]
V  [jvm.dll+0x741e4a]
V  [jvm.dll+0x7435ff]
V  [jvm.dll+0x743c43]
V  [jvm.dll+0x20d288]
V  [jvm.dll+0xabb07]
V  [jvm.dll+0xac1fc]
V  [jvm.dll+0x31c4c5]
V  [jvm.dll+0x2e6b48]
V  [jvm.dll+0x2e5f4a]
V  [jvm.dll+0x1e5e16]
V  [jvm.dll+0x1e50b8]
V  [jvm.dll+0x1779cc]
V  [jvm.dll+0x1f4105]
V  [jvm.dll+0x1f22eb]
V  [jvm.dll+0x706a9d]
V  [jvm.dll+0x6ff8ba]
V  [jvm.dll+0x5f72c6]
C  [ucrtbase.dll+0x21bb2]
C  [KERNEL32.DLL+0x17034]
C  [ntdll.dll+0x52651]


---------------  P R O C E S S  ---------------

Threads class SMR info:
_java_thread_list=0x0000023052b1de80, length=19, elements={
0x00000230519b2800, 0x00000230519b4000, 0x00000230522d2800, 0x00000230522d6000,
0x00000230522d8800, 0x00000230522df000, 0x0000023052304000, 0x0000023052308000,
0x000002305230d800, 0x0000023052308800, 0x000002305230a000, 0x000002305230c800,
0x0000023052309800, 0x000002305230e800, 0x000002305230b000, 0x000002305230c000,
0x0000023052a28800, 0x0000023052a2c800, 0x00000230529fb800
}

Java Threads: ( => current thread )
  0x00000230519b2800 JavaThread "Reference Handler" daemon [_thread_blocked, id=25772, stack(0x000000fbf8600000,0x000000fbf8700000)]
  0x00000230519b4000 JavaThread "Finalizer" daemon [_thread_blocked, id=28320, stack(0x000000fbf8700000,0x000000fbf8800000)]
  0x00000230522d2800 JavaThread "Signal Dispatcher" daemon [_thread_blocked, id=27908, stack(0x000000fbf8800000,0x000000fbf8900000)]
  0x00000230522d6000 JavaThread "Attach Listener" daemon [_thread_blocked, id=27792, stack(0x000000fbf8900000,0x000000fbf8a00000)]
  0x00000230522d8800 JavaThread "Service Thread" daemon [_thread_blocked, id=20744, stack(0x000000fbf8a00000,0x000000fbf8b00000)]
=>0x00000230522df000 JavaThread "C2 CompilerThread0" daemon [_thread_in_native, id=20100, stack(0x000000fbf8b00000,0x000000fbf8c00000)]
  0x0000023052304000 JavaThread "C1 CompilerThread0" daemon [_thread_blocked, id=3652, stack(0x000000fbf8c00000,0x000000fbf8d00000)]
  0x0000023052308000 JavaThread "Sweeper thread" daemon [_thread_blocked, id=20772, stack(0x000000fbf8d00000,0x000000fbf8e00000)]
  0x000002305230d800 JavaThread "Common-Cleaner" daemon [_thread_blocked, id=27900, stack(0x000000fbf8e00000,0x000000fbf8f00000)]
  0x0000023052308800 JavaThread "Notification Thread" daemon [_thread_blocked, id=26660, stack(0x000000fbf8f00000,0x000000fbf9000000)]
  0x000002305230a000 JavaThread "Java2D Disposer" daemon [_thread_blocked, id=21640, stack(0x000000fbf9100000,0x000000fbf9200000)]
  0x000002305230c800 JavaThread "AWT-Shutdown" [_thread_blocked, id=28476, stack(0x000000fbf9200000,0x000000fbf9300000)]
  0x0000023052309800 JavaThread "AWT-Windows" daemon [_thread_in_native, id=28596, stack(0x000000fbf9300000,0x000000fbf9400000)]
  0x000002305230e800 JavaThread "Image Fetcher 0" daemon [_thread_blocked, id=28636, stack(0x000000fbf9400000,0x000000fbf9500000)]
  0x000002305230b000 JavaThread "AWT-EventQueue-0" [_thread_in_vm, id=28376, stack(0x000000fbf9500000,0x000000fbf9600000)]
  0x000002305230c000 JavaThread "DestroyJavaVM" [_thread_blocked, id=1640, stack(0x000000fbf7f00000,0x000000fbf8000000)]
  0x0000023052a28800 JavaThread "TimerQueue" daemon [_thread_blocked, id=27688, stack(0x000000fbf9600000,0x000000fbf9700000)]
  0x0000023052a2c800 JavaThread "mysql-cj-abandoned-connection-cleanup" daemon [_thread_blocked, id=28192, stack(0x000000fbf9700000,0x000000fbf9800000)]
  0x00000230529fb800 JavaThread "C2 CompilerThread1" daemon [_thread_in_native, id=18872, stack(0x000000fbf9800000,0x000000fbf9900000)]

Other Threads:
  0x00000230519af000 VMThread "VM Thread" [stack: 0x000000fbf8500000,0x000000fbf8600000] [id=1664]
  0x0000023052499000 WatcherThread [stack: 0x000000fbf9000000,0x000000fbf9100000] [id=28556]
  0x000002302ee4f000 GCTaskThread "GC Thread#0" [stack: 0x000000fbf8000000,0x000000fbf8100000] [id=28072]
  0x0000023052a8f800 GCTaskThread "GC Thread#1" [stack: 0x000000fbf9900000,0x000000fbf9a00000] [id=27680]
  0x0000023052d04800 GCTaskThread "GC Thread#2" [stack: 0x000000fbf9a00000,0x000000fbf9b00000] [id=27860]
  0x0000023052d63800 GCTaskThread "GC Thread#3" [stack: 0x000000fbf9b00000,0x000000fbf9c00000] [id=7816]
  0x000002302ee68800 ConcurrentGCThread "G1 Main Marker" [stack: 0x000000fbf8100000,0x000000fbf8200000] [id=20148]
  0x000002302ee69800 ConcurrentGCThread "G1 Conc#0" [stack: 0x000000fbf8200000,0x000000fbf8300000] [id=27992]
  0x000002302eedd800 ConcurrentGCThread "G1 Refine#0" [stack: 0x000000fbf8300000,0x000000fbf8400000] [id=27816]
  0x00000230529fc000 ConcurrentGCThread "G1 Refine#1" [stack: 0x000000fbf9c00000,0x000000fbf9d00000] [id=400]
  0x0000023051824000 ConcurrentGCThread "G1 Young RemSet Sampling" [stack: 0x000000fbf8400000,0x000000fbf8500000] [id=4076]

Threads with active compile tasks:
C2 CompilerThread0     2203 1551       4       java.util.regex.Matcher::search (154 bytes)
C1 CompilerThread0     2203 1591       3       sun.security.jca.ProviderList$ServiceList::tryGet (304 bytes)
C2 CompilerThread1     2203 1527 %     4       sun.security.util.AbstractAlgorithmConstraints::checkAlgorithm @ 31 (140 bytes)

VM state:not at safepoint (normal execution)

VM Mutex/Monitor currently owned by a thread: None

Heap address: 0x0000000744e00000, size: 2994 MB, Compressed Oops mode: Zero based, Oop shift amount: 3
Narrow klass base: 0x0000000800000000, Narrow klass shift: 3
Compressed class space size: 1073741824 Address: 0x0000000800b30000

Heap:
 garbage-first heap   total 192512K, used 19975K [0x0000000744e00000, 0x0000000800000000)
  region size 1024K, 15 young (15360K), 2 survivors (2048K)
 Metaspace       used 15988K, capacity 16424K, committed 16640K, reserved 1073152K
  class space    used 1812K, capacity 1974K, committed 2048K, reserved 1048576K
Heap Regions: E=young(eden), S=young(survivor), O=old, HS=humongous(starts), HC=humongous(continues), CS=collection set, F=free, OA=open archive, CA=closed archive, TAMS=top-at-mark-start (previous, next)
|   0|0x0000000744e00000, 0x0000000744f00000, 0x0000000744f00000|100%|HS|  |TAMS 0x0000000744e00000, 0x0000000744e00000| Complete 
|   1|0x0000000744f00000, 0x0000000745000000, 0x0000000745000000|100%|HC|  |TAMS 0x0000000744f00000, 0x0000000744f00000| Complete 
|   2|0x0000000745000000, 0x0000000745100000, 0x0000000745100000|100%|HC|  |TAMS 0x0000000745000000, 0x0000000745000000| Complete 
|   3|0x0000000745100000, 0x0000000745200000, 0x0000000745200000|100%|HS|  |TAMS 0x0000000745100000, 0x0000000745100000| Complete 
|   4|0x0000000745200000, 0x0000000745300000, 0x0000000745300000|100%| O|  |TAMS 0x0000000745200000, 0x0000000745200000| Untracked 
|   5|0x0000000745300000, 0x0000000745381c00, 0x0000000745400000| 50%| O|  |TAMS 0x0000000745300000, 0x0000000745300000| Untracked 
|   6|0x0000000745400000, 0x0000000745400000, 0x0000000745500000|  0%| F|  |TAMS 0x0000000745400000, 0x0000000745400000| Untracked 
|   7|0x0000000745500000, 0x0000000745500000, 0x0000000745600000|  0%| F|  |TAMS 0x0000000745500000, 0x0000000745500000| Untracked 
|   8|0x0000000745600000, 0x0000000745600000, 0x0000000745700000|  0%| F|  |TAMS 0x0000000745600000, 0x0000000745600000| Untracked 
|   9|0x0000000745700000, 0x0000000745700000, 0x0000000745800000|  0%| F|  |TAMS 0x0000000745700000, 0x0000000745700000| Untracked 
|  10|0x0000000745800000, 0x0000000745800000, 0x0000000745900000|  0%| F|  |TAMS 0x0000000745800000, 0x0000000745800000| Untracked 
|  11|0x0000000745900000, 0x0000000745900000, 0x0000000745a00000|  0%| F|  |TAMS 0x0000000745900000, 0x0000000745900000| Untracked 
|  12|0x0000000745a00000, 0x0000000745a00000, 0x0000000745b00000|  0%| F|  |TAMS 0x0000000745a00000, 0x0000000745a00000| Untracked 
|  13|0x0000000745b00000, 0x0000000745b00000, 0x0000000745c00000|  0%| F|  |TAMS 0x0000000745b00000, 0x0000000745b00000| Untracked 
|  14|0x0000000745c00000, 0x0000000745c00000, 0x0000000745d00000|  0%| F|  |TAMS 0x0000000745c00000, 0x0000000745c00000| Untracked 
|  15|0x0000000745d00000, 0x0000000745d00000, 0x0000000745e00000|  0%| F|  |TAMS 0x0000000745d00000, 0x0000000745d00000| Untracked 
|  16|0x0000000745e00000, 0x0000000745e00000, 0x0000000745f00000|  0%| F|  |TAMS 0x0000000745e00000, 0x0000000745e00000| Untracked 
|  17|0x0000000745f00000, 0x0000000745f00000, 0x0000000746000000|  0%| F|  |TAMS 0x0000000745f00000, 0x0000000745f00000| Untracked 
|  18|0x0000000746000000, 0x0000000746000000, 0x0000000746100000|  0%| F|  |TAMS 0x0000000746000000, 0x0000000746000000| Untracked 
|  19|0x0000000746100000, 0x0000000746100000, 0x0000000746200000|  0%| F|  |TAMS 0x0000000746100000, 0x0000000746100000| Untracked 
|  20|0x0000000746200000, 0x0000000746200000, 0x0000000746300000|  0%| F|  |TAMS 0x0000000746200000, 0x0000000746200000| Untracked 
|  21|0x0000000746300000, 0x0000000746300000, 0x0000000746400000|  0%| F|  |TAMS 0x0000000746300000, 0x0000000746300000| Untracked 
|  22|0x0000000746400000, 0x0000000746400000, 0x0000000746500000|  0%| F|  |TAMS 0x0000000746400000, 0x0000000746400000| Untracked 
|  23|0x0000000746500000, 0x0000000746500000, 0x0000000746600000|  0%| F|  |TAMS 0x0000000746500000, 0x0000000746500000| Untracked 
|  24|0x0000000746600000, 0x0000000746600000, 0x0000000746700000|  0%| F|  |TAMS 0x0000000746600000, 0x0000000746600000| Untracked 
|  25|0x0000000746700000, 0x0000000746700000, 0x0000000746800000|  0%| F|  |TAMS 0x0000000746700000, 0x0000000746700000| Untracked 
|  26|0x0000000746800000, 0x0000000746800000, 0x0000000746900000|  0%| F|  |TAMS 0x0000000746800000, 0x0000000746800000| Untracked 
|  27|0x0000000746900000, 0x0000000746900000, 0x0000000746a00000|  0%| F|  |TAMS 0x0000000746900000, 0x0000000746900000| Untracked 
|  28|0x0000000746a00000, 0x0000000746a00000, 0x0000000746b00000|  0%| F|  |TAMS 0x0000000746a00000, 0x0000000746a00000| Untracked 
|  29|0x0000000746b00000, 0x0000000746b00000, 0x0000000746c00000|  0%| F|  |TAMS 0x0000000746b00000, 0x0000000746b00000| Untracked 
|  30|0x0000000746c00000, 0x0000000746c00000, 0x0000000746d00000|  0%| F|  |TAMS 0x0000000746c00000, 0x0000000746c00000| Untracked 
|  31|0x0000000746d00000, 0x0000000746d00000, 0x0000000746e00000|  0%| F|  |TAMS 0x0000000746d00000, 0x0000000746d00000| Untracked 
|  32|0x0000000746e00000, 0x0000000746e00000, 0x0000000746f00000|  0%| F|  |TAMS 0x0000000746e00000, 0x0000000746e00000| Untracked 
|  33|0x0000000746f00000, 0x0000000746f00000, 0x0000000747000000|  0%| F|  |TAMS 0x0000000746f00000, 0x0000000746f00000| Untracked 
|  34|0x0000000747000000, 0x0000000747000000, 0x0000000747100000|  0%| F|  |TAMS 0x0000000747000000, 0x0000000747000000| Untracked 
|  35|0x0000000747100000, 0x0000000747100000, 0x0000000747200000|  0%| F|  |TAMS 0x0000000747100000, 0x0000000747100000| Untracked 
|  36|0x0000000747200000, 0x0000000747200000, 0x0000000747300000|  0%| F|  |TAMS 0x0000000747200000, 0x0000000747200000| Untracked 
|  37|0x0000000747300000, 0x0000000747300000, 0x0000000747400000|  0%| F|  |TAMS 0x0000000747300000, 0x0000000747300000| Untracked 
|  38|0x0000000747400000, 0x0000000747400000, 0x0000000747500000|  0%| F|  |TAMS 0x0000000747400000, 0x0000000747400000| Untracked 
|  39|0x0000000747500000, 0x0000000747500000, 0x0000000747600000|  0%| F|  |TAMS 0x0000000747500000, 0x0000000747500000| Untracked 
|  40|0x0000000747600000, 0x0000000747600000, 0x0000000747700000|  0%| F|  |TAMS 0x0000000747600000, 0x0000000747600000| Untracked 
|  41|0x0000000747700000, 0x0000000747700000, 0x0000000747800000|  0%| F|  |TAMS 0x0000000747700000, 0x0000000747700000| Untracked 
|  42|0x0000000747800000, 0x0000000747800000, 0x0000000747900000|  0%| F|  |TAMS 0x0000000747800000, 0x0000000747800000| Untracked 
|  43|0x0000000747900000, 0x0000000747900000, 0x0000000747a00000|  0%| F|  |TAMS 0x0000000747900000, 0x0000000747900000| Untracked 
|  44|0x0000000747a00000, 0x0000000747a00000, 0x0000000747b00000|  0%| F|  |TAMS 0x0000000747a00000, 0x0000000747a00000| Untracked 
|  45|0x0000000747b00000, 0x0000000747b00000, 0x0000000747c00000|  0%| F|  |TAMS 0x0000000747b00000, 0x0000000747b00000| Untracked 
|  46|0x0000000747c00000, 0x0000000747c00000, 0x0000000747d00000|  0%| F|  |TAMS 0x0000000747c00000, 0x0000000747c00000| Untracked 
|  47|0x0000000747d00000, 0x0000000747d00000, 0x0000000747e00000|  0%| F|  |TAMS 0x0000000747d00000, 0x0000000747d00000| Untracked 
|  48|0x0000000747e00000, 0x0000000747e00000, 0x0000000747f00000|  0%| F|  |TAMS 0x0000000747e00000, 0x0000000747e00000| Untracked 
|  49|0x0000000747f00000, 0x0000000747f00000, 0x0000000748000000|  0%| F|  |TAMS 0x0000000747f00000, 0x0000000747f00000| Untracked 
|  50|0x0000000748000000, 0x0000000748000000, 0x0000000748100000|  0%| F|  |TAMS 0x0000000748000000, 0x0000000748000000| Untracked 
|  51|0x0000000748100000, 0x0000000748100000, 0x0000000748200000|  0%| F|  |TAMS 0x0000000748100000, 0x0000000748100000| Untracked 
|  52|0x0000000748200000, 0x0000000748200000, 0x0000000748300000|  0%| F|  |TAMS 0x0000000748200000, 0x0000000748200000| Untracked 
|  53|0x0000000748300000, 0x0000000748300000, 0x0000000748400000|  0%| F|  |TAMS 0x0000000748300000, 0x0000000748300000| Untracked 
|  54|0x0000000748400000, 0x0000000748400000, 0x0000000748500000|  0%| F|  |TAMS 0x0000000748400000, 0x0000000748400000| Untracked 
|  55|0x0000000748500000, 0x0000000748500000, 0x0000000748600000|  0%| F|  |TAMS 0x0000000748500000, 0x0000000748500000| Untracked 
|  56|0x0000000748600000, 0x0000000748600000, 0x0000000748700000|  0%| F|  |TAMS 0x0000000748600000, 0x0000000748600000| Untracked 
|  57|0x0000000748700000, 0x0000000748700000, 0x0000000748800000|  0%| F|  |TAMS 0x0000000748700000, 0x0000000748700000| Untracked 
|  58|0x0000000748800000, 0x0000000748800000, 0x0000000748900000|  0%| F|  |TAMS 0x0000000748800000, 0x0000000748800000| Untracked 
|  59|0x0000000748900000, 0x0000000748900000, 0x0000000748a00000|  0%| F|  |TAMS 0x0000000748900000, 0x0000000748900000| Untracked 
|  60|0x0000000748a00000, 0x0000000748a00000, 0x0000000748b00000|  0%| F|  |TAMS 0x0000000748a00000, 0x0000000748a00000| Untracked 
|  61|0x0000000748b00000, 0x0000000748b00000, 0x0000000748c00000|  0%| F|  |TAMS 0x0000000748b00000, 0x0000000748b00000| Untracked 
|  62|0x0000000748c00000, 0x0000000748c00000, 0x0000000748d00000|  0%| F|  |TAMS 0x0000000748c00000, 0x0000000748c00000| Untracked 
|  63|0x0000000748d00000, 0x0000000748d00000, 0x0000000748e00000|  0%| F|  |TAMS 0x0000000748d00000, 0x0000000748d00000| Untracked 
|  64|0x0000000748e00000, 0x0000000748e00000, 0x0000000748f00000|  0%| F|  |TAMS 0x0000000748e00000, 0x0000000748e00000| Untracked 
|  65|0x0000000748f00000, 0x0000000748f00000, 0x0000000749000000|  0%| F|  |TAMS 0x0000000748f00000, 0x0000000748f00000| Untracked 
|  66|0x0000000749000000, 0x0000000749000000, 0x0000000749100000|  0%| F|  |TAMS 0x0000000749000000, 0x0000000749000000| Untracked 
|  67|0x0000000749100000, 0x0000000749100000, 0x0000000749200000|  0%| F|  |TAMS 0x0000000749100000, 0x0000000749100000| Untracked 
|  68|0x0000000749200000, 0x0000000749200000, 0x0000000749300000|  0%| F|  |TAMS 0x0000000749200000, 0x0000000749200000| Untracked 
|  69|0x0000000749300000, 0x0000000749300000, 0x0000000749400000|  0%| F|  |TAMS 0x0000000749300000, 0x0000000749300000| Untracked 
|  70|0x0000000749400000, 0x0000000749400000, 0x0000000749500000|  0%| F|  |TAMS 0x0000000749400000, 0x0000000749400000| Untracked 
|  71|0x0000000749500000, 0x0000000749500000, 0x0000000749600000|  0%| F|  |TAMS 0x0000000749500000, 0x0000000749500000| Untracked 
|  72|0x0000000749600000, 0x0000000749600000, 0x0000000749700000|  0%| F|  |TAMS 0x0000000749600000, 0x0000000749600000| Untracked 
|  73|0x0000000749700000, 0x0000000749700000, 0x0000000749800000|  0%| F|  |TAMS 0x0000000749700000, 0x0000000749700000| Untracked 
|  74|0x0000000749800000, 0x0000000749800000, 0x0000000749900000|  0%| F|  |TAMS 0x0000000749800000, 0x0000000749800000| Untracked 
|  75|0x0000000749900000, 0x0000000749900000, 0x0000000749a00000|  0%| F|  |TAMS 0x0000000749900000, 0x0000000749900000| Untracked 
|  76|0x0000000749a00000, 0x0000000749a00000, 0x0000000749b00000|  0%| F|  |TAMS 0x0000000749a00000, 0x0000000749a00000| Untracked 
|  77|0x0000000749b00000, 0x0000000749b00000, 0x0000000749c00000|  0%| F|  |TAMS 0x0000000749b00000, 0x0000000749b00000| Untracked 
|  78|0x0000000749c00000, 0x0000000749c00000, 0x0000000749d00000|  0%| F|  |TAMS 0x0000000749c00000, 0x0000000749c00000| Untracked 
|  79|0x0000000749d00000, 0x0000000749d00000, 0x0000000749e00000|  0%| F|  |TAMS 0x0000000749d00000, 0x0000000749d00000| Untracked 
|  80|0x0000000749e00000, 0x0000000749e00000, 0x0000000749f00000|  0%| F|  |TAMS 0x0000000749e00000, 0x0000000749e00000| Untracked 
|  81|0x0000000749f00000, 0x0000000749f00000, 0x000000074a000000|  0%| F|  |TAMS 0x0000000749f00000, 0x0000000749f00000| Untracked 
|  82|0x000000074a000000, 0x000000074a000000, 0x000000074a100000|  0%| F|  |TAMS 0x000000074a000000, 0x000000074a000000| Untracked 
|  83|0x000000074a100000, 0x000000074a100000, 0x000000074a200000|  0%| F|  |TAMS 0x000000074a100000, 0x000000074a100000| Untracked 
|  84|0x000000074a200000, 0x000000074a200000, 0x000000074a300000|  0%| F|  |TAMS 0x000000074a200000, 0x000000074a200000| Untracked 
|  85|0x000000074a300000, 0x000000074a300000, 0x000000074a400000|  0%| F|  |TAMS 0x000000074a300000, 0x000000074a300000| Untracked 
|  86|0x000000074a400000, 0x000000074a400000, 0x000000074a500000|  0%| F|  |TAMS 0x000000074a400000, 0x000000074a400000| Untracked 
|  87|0x000000074a500000, 0x000000074a500000, 0x000000074a600000|  0%| F|  |TAMS 0x000000074a500000, 0x000000074a500000| Untracked 
|  88|0x000000074a600000, 0x000000074a600000, 0x000000074a700000|  0%| F|  |TAMS 0x000000074a600000, 0x000000074a600000| Untracked 
|  89|0x000000074a700000, 0x000000074a700000, 0x000000074a800000|  0%| F|  |TAMS 0x000000074a700000, 0x000000074a700000| Untracked 
|  90|0x000000074a800000, 0x000000074a800000, 0x000000074a900000|  0%| F|  |TAMS 0x000000074a800000, 0x000000074a800000| Untracked 
|  91|0x000000074a900000, 0x000000074a900000, 0x000000074aa00000|  0%| F|  |TAMS 0x000000074a900000, 0x000000074a900000| Untracked 
|  92|0x000000074aa00000, 0x000000074aa00000, 0x000000074ab00000|  0%| F|  |TAMS 0x000000074aa00000, 0x000000074aa00000| Untracked 
|  93|0x000000074ab00000, 0x000000074ab00000, 0x000000074ac00000|  0%| F|  |TAMS 0x000000074ab00000, 0x000000074ab00000| Untracked 
|  94|0x000000074ac00000, 0x000000074ac00000, 0x000000074ad00000|  0%| F|  |TAMS 0x000000074ac00000, 0x000000074ac00000| Untracked 
|  95|0x000000074ad00000, 0x000000074ad00000, 0x000000074ae00000|  0%| F|  |TAMS 0x000000074ad00000, 0x000000074ad00000| Untracked 
|  96|0x000000074ae00000, 0x000000074ae00000, 0x000000074af00000|  0%| F|  |TAMS 0x000000074ae00000, 0x000000074ae00000| Untracked 
|  97|0x000000074af00000, 0x000000074af00000, 0x000000074b000000|  0%| F|  |TAMS 0x000000074af00000, 0x000000074af00000| Untracked 
|  98|0x000000074b000000, 0x000000074b000000, 0x000000074b100000|  0%| F|  |TAMS 0x000000074b000000, 0x000000074b000000| Untracked 
|  99|0x000000074b100000, 0x000000074b100000, 0x000000074b200000|  0%| F|  |TAMS 0x000000074b100000, 0x000000074b100000| Untracked 
| 100|0x000000074b200000, 0x000000074b200000, 0x000000074b300000|  0%| F|  |TAMS 0x000000074b200000, 0x000000074b200000| Untracked 
| 101|0x000000074b300000, 0x000000074b300000, 0x000000074b400000|  0%| F|  |TAMS 0x000000074b300000, 0x000000074b300000| Untracked 
| 102|0x000000074b400000, 0x000000074b400000, 0x000000074b500000|  0%| F|  |TAMS 0x000000074b400000, 0x000000074b400000| Untracked 
| 103|0x000000074b500000, 0x000000074b500000, 0x000000074b600000|  0%| F|  |TAMS 0x000000074b500000, 0x000000074b500000| Untracked 
| 104|0x000000074b600000, 0x000000074b600000, 0x000000074b700000|  0%| F|  |TAMS 0x000000074b600000, 0x000000074b600000| Untracked 
| 105|0x000000074b700000, 0x000000074b700000, 0x000000074b800000|  0%| F|  |TAMS 0x000000074b700000, 0x000000074b700000| Untracked 
| 106|0x000000074b800000, 0x000000074b800000, 0x000000074b900000|  0%| F|  |TAMS 0x000000074b800000, 0x000000074b800000| Untracked 
| 107|0x000000074b900000, 0x000000074b900000, 0x000000074ba00000|  0%| F|  |TAMS 0x000000074b900000, 0x000000074b900000| Untracked 
| 108|0x000000074ba00000, 0x000000074ba00000, 0x000000074bb00000|  0%| F|  |TAMS 0x000000074ba00000, 0x000000074ba00000| Untracked 
| 109|0x000000074bb00000, 0x000000074bb00000, 0x000000074bc00000|  0%| F|  |TAMS 0x000000074bb00000, 0x000000074bb00000| Untracked 
| 110|0x000000074bc00000, 0x000000074bc00000, 0x000000074bd00000|  0%| F|  |TAMS 0x000000074bc00000, 0x000000074bc00000| Untracked 
| 111|0x000000074bd00000, 0x000000074bd00000, 0x000000074be00000|  0%| F|  |TAMS 0x000000074bd00000, 0x000000074bd00000| Untracked 
| 112|0x000000074be00000, 0x000000074be00000, 0x000000074bf00000|  0%| F|  |TAMS 0x000000074be00000, 0x000000074be00000| Untracked 
| 113|0x000000074bf00000, 0x000000074bf00000, 0x000000074c000000|  0%| F|  |TAMS 0x000000074bf00000, 0x000000074bf00000| Untracked 
| 114|0x000000074c000000, 0x000000074c000000, 0x000000074c100000|  0%| F|  |TAMS 0x000000074c000000, 0x000000074c000000| Untracked 
| 115|0x000000074c100000, 0x000000074c100000, 0x000000074c200000|  0%| F|  |TAMS 0x000000074c100000, 0x000000074c100000| Untracked 
| 116|0x000000074c200000, 0x000000074c200000, 0x000000074c300000|  0%| F|  |TAMS 0x000000074c200000, 0x000000074c200000| Untracked 
| 117|0x000000074c300000, 0x000000074c300000, 0x000000074c400000|  0%| F|  |TAMS 0x000000074c300000, 0x000000074c300000| Untracked 
| 118|0x000000074c400000, 0x000000074c400000, 0x000000074c500000|  0%| F|  |TAMS 0x000000074c400000, 0x000000074c400000| Untracked 
| 119|0x000000074c500000, 0x000000074c500000, 0x000000074c600000|  0%| F|  |TAMS 0x000000074c500000, 0x000000074c500000| Untracked 
| 120|0x000000074c600000, 0x000000074c600000, 0x000000074c700000|  0%| F|  |TAMS 0x000000074c600000, 0x000000074c600000| Untracked 
| 121|0x000000074c700000, 0x000000074c700000, 0x000000074c800000|  0%| F|  |TAMS 0x000000074c700000, 0x000000074c700000| Untracked 
| 122|0x000000074c800000, 0x000000074c800000, 0x000000074c900000|  0%| F|  |TAMS 0x000000074c800000, 0x000000074c800000| Untracked 
| 123|0x000000074c900000, 0x000000074c900000, 0x000000074ca00000|  0%| F|  |TAMS 0x000000074c900000, 0x000000074c900000| Untracked 
| 124|0x000000074ca00000, 0x000000074ca00000, 0x000000074cb00000|  0%| F|  |TAMS 0x000000074ca00000, 0x000000074ca00000| Untracked 
| 125|0x000000074cb00000, 0x000000074cb00000, 0x000000074cc00000|  0%| F|  |TAMS 0x000000074cb00000, 0x000000074cb00000| Untracked 
| 126|0x000000074cc00000, 0x000000074cc00000, 0x000000074cd00000|  0%| F|  |TAMS 0x000000074cc00000, 0x000000074cc00000| Untracked 
| 127|0x000000074cd00000, 0x000000074cd00000, 0x000000074ce00000|  0%| F|  |TAMS 0x000000074cd00000, 0x000000074cd00000| Untracked 
| 128|0x000000074ce00000, 0x000000074ce00000, 0x000000074cf00000|  0%| F|  |TAMS 0x000000074ce00000, 0x000000074ce00000| Untracked 
| 129|0x000000074cf00000, 0x000000074cf00000, 0x000000074d000000|  0%| F|  |TAMS 0x000000074cf00000, 0x000000074cf00000| Untracked 
| 130|0x000000074d000000, 0x000000074d000000, 0x000000074d100000|  0%| F|  |TAMS 0x000000074d000000, 0x000000074d000000| Untracked 
| 131|0x000000074d100000, 0x000000074d100000, 0x000000074d200000|  0%| F|  |TAMS 0x000000074d100000, 0x000000074d100000| Untracked 
| 132|0x000000074d200000, 0x000000074d200000, 0x000000074d300000|  0%| F|  |TAMS 0x000000074d200000, 0x000000074d200000| Untracked 
| 133|0x000000074d300000, 0x000000074d300000, 0x000000074d400000|  0%| F|  |TAMS 0x000000074d300000, 0x000000074d300000| Untracked 
| 134|0x000000074d400000, 0x000000074d400000, 0x000000074d500000|  0%| F|  |TAMS 0x000000074d400000, 0x000000074d400000| Untracked 
| 135|0x000000074d500000, 0x000000074d500000, 0x000000074d600000|  0%| F|  |TAMS 0x000000074d500000, 0x000000074d500000| Untracked 
| 136|0x000000074d600000, 0x000000074d600000, 0x000000074d700000|  0%| F|  |TAMS 0x000000074d600000, 0x000000074d600000| Untracked 
| 137|0x000000074d700000, 0x000000074d700000, 0x000000074d800000|  0%| F|  |TAMS 0x000000074d700000, 0x000000074d700000| Untracked 
| 138|0x000000074d800000, 0x000000074d800000, 0x000000074d900000|  0%| F|  |TAMS 0x000000074d800000, 0x000000074d800000| Untracked 
| 139|0x000000074d900000, 0x000000074d900000, 0x000000074da00000|  0%| F|  |TAMS 0x000000074d900000, 0x000000074d900000| Untracked 
| 140|0x000000074da00000, 0x000000074da00000, 0x000000074db00000|  0%| F|  |TAMS 0x000000074da00000, 0x000000074da00000| Untracked 
| 141|0x000000074db00000, 0x000000074db00000, 0x000000074dc00000|  0%| F|  |TAMS 0x000000074db00000, 0x000000074db00000| Untracked 
| 142|0x000000074dc00000, 0x000000074dc00000, 0x000000074dd00000|  0%| F|  |TAMS 0x000000074dc00000, 0x000000074dc00000| Untracked 
| 143|0x000000074dd00000, 0x000000074dd00000, 0x000000074de00000|  0%| F|  |TAMS 0x000000074dd00000, 0x000000074dd00000| Untracked 
| 144|0x000000074de00000, 0x000000074de00000, 0x000000074df00000|  0%| F|  |TAMS 0x000000074de00000, 0x000000074de00000| Untracked 
| 145|0x000000074df00000, 0x000000074df00000, 0x000000074e000000|  0%| F|  |TAMS 0x000000074df00000, 0x000000074df00000| Untracked 
| 146|0x000000074e000000, 0x000000074e000000, 0x000000074e100000|  0%| F|  |TAMS 0x000000074e000000, 0x000000074e000000| Untracked 
| 147|0x000000074e100000, 0x000000074e100000, 0x000000074e200000|  0%| F|  |TAMS 0x000000074e100000, 0x000000074e100000| Untracked 
| 148|0x000000074e200000, 0x000000074e200000, 0x000000074e300000|  0%| F|  |TAMS 0x000000074e200000, 0x000000074e200000| Untracked 
| 149|0x000000074e300000, 0x000000074e300000, 0x000000074e400000|  0%| F|  |TAMS 0x000000074e300000, 0x000000074e300000| Untracked 
| 150|0x000000074e400000, 0x000000074e400000, 0x000000074e500000|  0%| F|  |TAMS 0x000000074e400000, 0x000000074e400000| Untracked 
| 151|0x000000074e500000, 0x000000074e500000, 0x000000074e600000|  0%| F|  |TAMS 0x000000074e500000, 0x000000074e500000| Untracked 
| 152|0x000000074e600000, 0x000000074e600000, 0x000000074e700000|  0%| F|  |TAMS 0x000000074e600000, 0x000000074e600000| Untracked 
| 153|0x000000074e700000, 0x000000074e700000, 0x000000074e800000|  0%| F|  |TAMS 0x000000074e700000, 0x000000074e700000| Untracked 
| 154|0x000000074e800000, 0x000000074e800000, 0x000000074e900000|  0%| F|  |TAMS 0x000000074e800000, 0x000000074e800000| Untracked 
| 155|0x000000074e900000, 0x000000074e900000, 0x000000074ea00000|  0%| F|  |TAMS 0x000000074e900000, 0x000000074e900000| Untracked 
| 156|0x000000074ea00000, 0x000000074ea00000, 0x000000074eb00000|  0%| F|  |TAMS 0x000000074ea00000, 0x000000074ea00000| Untracked 
| 157|0x000000074eb00000, 0x000000074eb00000, 0x000000074ec00000|  0%| F|  |TAMS 0x000000074eb00000, 0x000000074eb00000| Untracked 
| 158|0x000000074ec00000, 0x000000074ec00000, 0x000000074ed00000|  0%| F|  |TAMS 0x000000074ec00000, 0x000000074ec00000| Untracked 
| 159|0x000000074ed00000, 0x000000074ed00000, 0x000000074ee00000|  0%| F|  |TAMS 0x000000074ed00000, 0x000000074ed00000| Untracked 
| 160|0x000000074ee00000, 0x000000074ee00000, 0x000000074ef00000|  0%| F|  |TAMS 0x000000074ee00000, 0x000000074ee00000| Untracked 
| 161|0x000000074ef00000, 0x000000074ef00000, 0x000000074f000000|  0%| F|  |TAMS 0x000000074ef00000, 0x000000074ef00000| Untracked 
| 162|0x000000074f000000, 0x000000074f000000, 0x000000074f100000|  0%| F|  |TAMS 0x000000074f000000, 0x000000074f000000| Untracked 
| 163|0x000000074f100000, 0x000000074f100000, 0x000000074f200000|  0%| F|  |TAMS 0x000000074f100000, 0x000000074f100000| Untracked 
| 164|0x000000074f200000, 0x000000074f200000, 0x000000074f300000|  0%| F|  |TAMS 0x000000074f200000, 0x000000074f200000| Untracked 
| 165|0x000000074f300000, 0x000000074f300000, 0x000000074f400000|  0%| F|  |TAMS 0x000000074f300000, 0x000000074f300000| Untracked 
| 166|0x000000074f400000, 0x000000074f400000, 0x000000074f500000|  0%| F|  |TAMS 0x000000074f400000, 0x000000074f400000| Untracked 
| 167|0x000000074f500000, 0x000000074f500000, 0x000000074f600000|  0%| F|  |TAMS 0x000000074f500000, 0x000000074f500000| Untracked 
| 168|0x000000074f600000, 0x000000074f600000, 0x000000074f700000|  0%| F|  |TAMS 0x000000074f600000, 0x000000074f600000| Untracked 
| 169|0x000000074f700000, 0x000000074f700000, 0x000000074f800000|  0%| F|  |TAMS 0x000000074f700000, 0x000000074f700000| Untracked 
| 170|0x000000074f800000, 0x000000074f800000, 0x000000074f900000|  0%| F|  |TAMS 0x000000074f800000, 0x000000074f800000| Untracked 
| 171|0x000000074f900000, 0x000000074f900000, 0x000000074fa00000|  0%| F|  |TAMS 0x000000074f900000, 0x000000074f900000| Untracked 
| 172|0x000000074fa00000, 0x000000074fa92cd8, 0x000000074fb00000| 57%| S|  |TAMS 0x000000074fa00000, 0x000000074fa00000| Complete 
| 173|0x000000074fb00000, 0x000000074fc00000, 0x000000074fc00000|100%| E|CS|TAMS 0x000000074fb00000, 0x000000074fb00000| Complete 
| 174|0x000000074fc00000, 0x000000074fd00000, 0x000000074fd00000|100%| E|CS|TAMS 0x000000074fc00000, 0x000000074fc00000| Complete 
| 175|0x000000074fd00000, 0x000000074fe00000, 0x000000074fe00000|100%| E|CS|TAMS 0x000000074fd00000, 0x000000074fd00000| Complete 
| 176|0x000000074fe00000, 0x000000074ff00000, 0x000000074ff00000|100%| E|CS|TAMS 0x000000074fe00000, 0x000000074fe00000| Complete 
| 177|0x000000074ff00000, 0x0000000750000000, 0x0000000750000000|100%| E|CS|TAMS 0x000000074ff00000, 0x000000074ff00000| Complete 
| 178|0x0000000750000000, 0x0000000750100000, 0x0000000750100000|100%| E|CS|TAMS 0x0000000750000000, 0x0000000750000000| Complete 
| 179|0x0000000750100000, 0x0000000750200000, 0x0000000750200000|100%| E|CS|TAMS 0x0000000750100000, 0x0000000750100000| Complete 
| 180|0x0000000750200000, 0x0000000750300000, 0x0000000750300000|100%| E|CS|TAMS 0x0000000750200000, 0x0000000750200000| Complete 
| 181|0x0000000750300000, 0x0000000750400000, 0x0000000750400000|100%| E|CS|TAMS 0x0000000750300000, 0x0000000750300000| Complete 
| 182|0x0000000750400000, 0x0000000750500000, 0x0000000750500000|100%| E|CS|TAMS 0x0000000750400000, 0x0000000750400000| Complete 
| 183|0x0000000750500000, 0x0000000750600000, 0x0000000750600000|100%| E|CS|TAMS 0x0000000750500000, 0x0000000750500000| Complete 
| 184|0x0000000750600000, 0x0000000750700000, 0x0000000750700000|100%| E|CS|TAMS 0x0000000750600000, 0x0000000750600000| Complete 
| 185|0x0000000750700000, 0x0000000750800000, 0x0000000750800000|100%| E|CS|TAMS 0x0000000750700000, 0x0000000750700000| Complete 
| 186|0x0000000750800000, 0x0000000750900000, 0x0000000750900000|100%| E|CS|TAMS 0x0000000750800000, 0x0000000750800000| Complete 
| 187|0x0000000750900000, 0x0000000750a00000, 0x0000000750a00000|100%| E|CS|TAMS 0x0000000750900000, 0x0000000750900000| Complete 

Card table byte_map: [0x00000230489c0000,0x0000023048fa0000] _byte_map_base: 0x0000023044f99000

Marking Bits (Prev, Next): (CMBitMap*) 0x000002302ee4f868, (CMBitMap*) 0x000002302ee4f8a8
 Prev Bits: [0x0000023049580000, 0x000002304c448000)
 Next Bits: [0x000002304c450000, 0x000002304f318000)

Polling page: 0x000002302eee0000

Metaspace:

Usage:
  Non-class:     14.12 MB capacity,    13.88 MB ( 98%) used,   208.57 KB (  1%) free+waste,    38.44 KB ( <1%) overhead. 
      Class:      1.93 MB capacity,     1.78 MB ( 92%) used,   136.88 KB (  7%) free+waste,    21.63 KB (  1%) overhead. 
       Both:     16.05 MB capacity,    15.65 MB ( 98%) used,   345.45 KB (  2%) free+waste,    60.06 KB ( <1%) overhead. 

Virtual space:
  Non-class space:       24.00 MB reserved,      14.25 MB ( 59%) committed 
      Class space:        1.00 GB reserved,       2.00 MB ( <1%) committed 
             Both:        1.02 GB reserved,      16.25 MB (  2%) committed 

Chunk freelists:
   Non-Class:  7.00 KB
       Class:  7.00 KB
        Both:  14.00 KB

MaxMetaspaceSize: 17179869184.00 GB
CompressedClassSpaceSize: 1.00 GB

CodeHeap 'non-profiled nmethods': size=120000Kb used=518Kb max_used=518Kb free=119481Kb
 bounds [0x0000023040880000, 0x0000023040af0000, 0x0000023047db0000]
CodeHeap 'profiled nmethods': size=120000Kb used=2926Kb max_used=2926Kb free=117073Kb
 bounds [0x0000023039350000, 0x0000023039630000, 0x0000023040880000]
CodeHeap 'non-nmethods': size=5760Kb used=1350Kb max_used=1370Kb free=4409Kb
 bounds [0x0000023038db0000, 0x0000023039020000, 0x0000023039350000]
 total_blobs=2803 nmethods=1597 adapters=571
 compilation: enabled
              stopped_count=0, restarted_count=0
 full_count=0

Compilation events (20 events):
Event: 2.132 Thread 0x0000023052304000 1545       3       java.util.RegularEnumSet::add (40 bytes)
Event: 2.132 Thread 0x0000023052304000 nmethod 1545 0x0000023039608710 code [0x00000230396088c0, 0x0000023039608ac8]
Event: 2.132 Thread 0x0000023052304000 1546   !   3       java.lang.Class::getEnumConstantsShared (71 bytes)
Event: 2.133 Thread 0x00000230522df000 nmethod 1526 0x00000230408fd890 code [0x00000230408fdae0, 0x00000230408fe2b8]
Event: 2.133 Thread 0x00000230522df000 1532       4       java.util.regex.Pattern$SliceI::match (96 bytes)
Event: 2.134 Thread 0x0000023052304000 nmethod 1546 0x0000023039608b90 code [0x0000023039608ec0, 0x000002303960a368]
Event: 2.134 Thread 0x0000023052304000 1549       3       sun.security.ssl.SSLAlgorithmDecomposer::decomposes (533 bytes)
Event: 2.137 Thread 0x0000023052304000 nmethod 1549 0x000002303960ac10 code [0x000002303960b3e0, 0x0000023039611e28]
Event: 2.137 Thread 0x0000023052304000 1547       3       java.lang.System$2::getEnumConstantsShared (8 bytes)
Event: 2.138 Thread 0x0000023052304000 nmethod 1547 0x0000023039613190 code [0x0000023039613340, 0x00000230396135a8]
Event: 2.138 Thread 0x0000023052304000 1548       3       java.lang.Enum::getDeclaringClass (22 bytes)
Event: 2.138 Thread 0x0000023052304000 nmethod 1548 0x0000023039613690 code [0x0000023039613840, 0x0000023039613a28]
Event: 2.138 Thread 0x0000023052304000 1550       3       java.lang.String::split (7 bytes)
Event: 2.138 Thread 0x0000023052304000 nmethod 1550 0x0000023039613b10 code [0x0000023039613cc0, 0x0000023039613e08]
Event: 2.139 Thread 0x00000230522df000 nmethod 1532 0x00000230408fe690 code [0x00000230408fe880, 0x00000230408fec58]
Event: 2.139 Thread 0x00000230522df000 1551       4       java.util.regex.Matcher::search (154 bytes)
Event: 2.141 Thread 0x0000023052304000 1552       3       java.lang.Integer::reverseBytes (28 bytes)
Event: 2.141 Thread 0x0000023052304000 nmethod 1552 0x0000023039613e90 code [0x0000023039614020, 0x0000023039614138]
Event: 2.141 Thread 0x0000023052304000 1553       1       java.nio.charset.Charset::name (5 bytes)
Event: 2.141 Thread 0x0000023052304000 nmethod 1553 0x00000230408fee90 code [0x00000230408ff020, 0x00000230408ff0f8]

GC Heap History (2 events):
Event: 1.797 GC heap before
{Heap before GC invocations=0 (full 0):
 garbage-first heap   total 192512K, used 17408K [0x0000000744e00000, 0x0000000800000000)
  region size 1024K, 13 young (13312K), 0 survivors (0K)
 Metaspace       used 10681K, capacity 11118K, committed 11264K, reserved 1058816K
  class space    used 1238K, capacity 1424K, committed 1536K, reserved 1048576K
}
Event: 1.804 GC heap after
{Heap after GC invocations=1 (full 0):
 garbage-first heap   total 192512K, used 7687K [0x0000000744e00000, 0x0000000800000000)
  region size 1024K, 2 young (2048K), 2 survivors (2048K)
 Metaspace       used 10681K, capacity 11118K, committed 11264K, reserved 1058816K
  class space    used 1238K, capacity 1424K, committed 1536K, reserved 1048576K
}

Deoptimization events (20 events):
Event: 1.761 Thread 0x000002305230b000 DEOPT PACKING pc=0x000002303950d715 sp=0x000000fbf95fb040
Event: 1.761 Thread 0x000002305230b000 DEOPT UNPACKING pc=0x0000023038df964e sp=0x000000fbf95fa538 mode 0
Event: 1.762 Thread 0x000002305230b000 DEOPT PACKING pc=0x000002303950d715 sp=0x000000fbf95fb040
Event: 1.762 Thread 0x000002305230b000 DEOPT UNPACKING pc=0x0000023038df964e sp=0x000000fbf95fa538 mode 0
Event: 1.763 Thread 0x000002305230b000 DEOPT PACKING pc=0x000002303950d715 sp=0x000000fbf95fb040
Event: 1.763 Thread 0x000002305230b000 DEOPT UNPACKING pc=0x0000023038df964e sp=0x000000fbf95fa538 mode 0
Event: 1.764 Thread 0x000002305230b000 DEOPT PACKING pc=0x000002303950d715 sp=0x000000fbf95fb040
Event: 1.764 Thread 0x000002305230b000 DEOPT UNPACKING pc=0x0000023038df964e sp=0x000000fbf95fa538 mode 0
Event: 2.033 Thread 0x000002305230b000 DEOPT PACKING pc=0x000002303959b038 sp=0x000000fbf95fd110
Event: 2.033 Thread 0x000002305230b000 DEOPT UNPACKING pc=0x0000023038df964e sp=0x000000fbf95fc590 mode 0
Event: 2.036 Thread 0x000002305230b000 DEOPT PACKING pc=0x000002303959b038 sp=0x000000fbf95fd110
Event: 2.036 Thread 0x000002305230b000 DEOPT UNPACKING pc=0x0000023038df964e sp=0x000000fbf95fc590 mode 0
Event: 2.072 Thread 0x000002305230b000 Uncommon trap: trap_request=0xffffffc6 fr.pc=0x00000230408ebf24 relative=0x0000000000000764
Event: 2.072 Thread 0x000002305230b000 Uncommon trap: reason=bimorphic_or_optimized_type_check action=maybe_recompile pc=0x00000230408ebf24 method=java.util.regex.Pattern$BmpCharProperty.match(Ljava/util/regex/Matcher;ILjava/lang/CharSequence;)Z @ 36 c2
Event: 2.072 Thread 0x000002305230b000 DEOPT PACKING pc=0x00000230408ebf24 sp=0x000000fbf95f9570
Event: 2.072 Thread 0x000002305230b000 DEOPT UNPACKING pc=0x0000023038df912f sp=0x000000fbf95f9538 mode 2
Event: 2.074 Thread 0x000002305230b000 Uncommon trap: trap_request=0xffffffc6 fr.pc=0x00000230408ebf24 relative=0x0000000000000764
Event: 2.074 Thread 0x000002305230b000 Uncommon trap: reason=bimorphic_or_optimized_type_check action=maybe_recompile pc=0x00000230408ebf24 method=java.util.regex.Pattern$BmpCharProperty.match(Ljava/util/regex/Matcher;ILjava/lang/CharSequence;)Z @ 36 c2
Event: 2.074 Thread 0x000002305230b000 DEOPT PACKING pc=0x00000230408ebf24 sp=0x000000fbf95f9570
Event: 2.074 Thread 0x000002305230b000 DEOPT UNPACKING pc=0x0000023038df912f sp=0x000000fbf95f9538 mode 2

Classes unloaded (0 events):
No events

Classes redefined (0 events):
No events

Internal exceptions (20 events):
Event: 0.400 Thread 0x000002302edf9800 Exception <a 'java/lang/ClassNotFoundException'{0x00000007506f1bf0}: com/sun/swing/internal/plaf/basic/resources/spi/basicProvider> (0x00000007506f1bf0) 
thrown [./open/src/hotspot/share/classfile/systemDictionary.cpp, line 226]
Event: 0.536 Thread 0x000002302edf9800 Exception <a 'java/lang/NoSuchMethodError'{0x0000000750005a08}: 'void java.lang.invoke.DirectMethodHandle$Holder.invokeStaticInit(java.lang.Object)'> (0x0000000750005a08) 
thrown [./open/src/hotspot/share/interpreter/linkResolver.cpp, line 766]
Event: 0.572 Thread 0x000002302edf9800 Exception <a 'java/lang/NoSuchMethodError'{0x000000075009f780}: 'java.lang.Object java.lang.invoke.Invokers$Holder.linkToTargetMethod(java.lang.Object, int, java.lang.Object)'> (0x000000075009f780) 
thrown [./open/src/hotspot/share/interpreter/linkResolver.cpp, line 766]
Event: 0.576 Thread 0x000002302edf9800 Exception <a 'sun/nio/fs/WindowsException'{0x00000007500a48f8}> (0x00000007500a48f8) 
thrown [./open/src/hotspot/share/prims/jni.cpp, line 599]
Event: 1.691 Thread 0x000002305230b000 Exception <a 'sun/nio/fs/WindowsException'{0x000000074fe05100}> (0x000000074fe05100) 
thrown [./open/src/hotspot/share/prims/jni.cpp, line 599]
Event: 1.703 Thread 0x000002305230b000 Exception <a 'java/lang/NoSuchMethodError'{0x000000074fe3df08}: 'int java.lang.invoke.DirectMethodHandle$Holder.invokeSpecialIFC(java.lang.Object, java.lang.Object, int)'> (0x000000074fe3df08) 
thrown [./open/src/hotspot/share/interpreter/linkResolver.cpp, line 766]
Event: 1.725 Thread 0x000002305230b000 Exception <a 'sun/nio/fs/WindowsException'{0x000000074fec7db0}> (0x000000074fec7db0) 
thrown [./open/src/hotspot/share/prims/jni.cpp, line 599]
Event: 1.728 Thread 0x000002305230b000 Exception <a 'sun/nio/fs/WindowsException'{0x000000074fed0350}> (0x000000074fed0350) 
thrown [./open/src/hotspot/share/prims/jni.cpp, line 599]
Event: 1.766 Thread 0x000002305230b000 Exception <a 'sun/nio/fs/WindowsException'{0x000000074fd27b20}> (0x000000074fd27b20) 
thrown [./open/src/hotspot/share/prims/jni.cpp, line 599]
Event: 1.768 Thread 0x000002305230b000 Exception <a 'sun/nio/fs/WindowsException'{0x000000074fd2cff8}> (0x000000074fd2cff8) 
thrown [./open/src/hotspot/share/prims/jni.cpp, line 599]
Event: 1.775 Thread 0x000002305230b000 Exception <a 'java/lang/NoSuchMethodError'{0x000000074fd4b920}: 'java.lang.Object java.lang.invoke.DirectMethodHandle$Holder.invokeVirtual(java.lang.Object, java.lang.Object, java.lang.Object)'> (0x000000074fd4b920) 
thrown [./open/src/hotspot/share/interpreter/linkResolver.cpp, line 766]
Event: 1.889 Thread 0x000002305230b000 Exception <a 'java/lang/ClassNotFoundException'{0x00000007507a08e0}: jdk/net/ExtendedSocketOptions> (0x00000007507a08e0) 
thrown [./open/src/hotspot/share/classfile/systemDictionary.cpp, line 226]
Event: 1.919 Thread 0x000002305230b000 Exception <a 'sun/nio/fs/WindowsException'{0x000000075068ffa0}> (0x000000075068ffa0) 
thrown [./open/src/hotspot/share/prims/jni.cpp, line 599]
Event: 1.920 Thread 0x000002305230b000 Exception <a 'java/lang/NoSuchMethodError'{0x00000007506985e0}: 'void java.lang.invoke.DirectMethodHandle$Holder.invokeStaticInit(java.lang.Object, java.lang.Object)'> (0x00000007506985e0) 
thrown [./open/src/hotspot/share/interpreter/linkResolver.cpp, line 766]
Event: 2.070 Thread 0x000002305230b000 Exception <a 'java/lang/NoSuchMethodError'{0x0000000750089fb8}: 'java.lang.Object java.lang.invoke.DirectMethodHandle$Holder.invokeStaticInit(java.lang.Object, int, int, int, int)'> (0x0000000750089fb8) 
thrown [./open/src/hotspot/share/interpreter/linkResolver.cpp, line 766]
Event: 2.071 Thread 0x000002305230b000 Exception <a 'sun/nio/fs/WindowsException'{0x000000075008fbb8}> (0x000000075008fbb8) 
thrown [./open/src/hotspot/share/prims/jni.cpp, line 599]
Event: 2.076 Thread 0x000002305230b000 Exception <a 'sun/nio/fs/WindowsException'{0x00000007500a64a8}> (0x00000007500a64a8) 
thrown [./open/src/hotspot/share/prims/jni.cpp, line 599]
Event: 2.080 Thread 0x000002305230b000 Exception <a 'java/lang/NoSuchMethodError'{0x00000007500b51e0}: 'int java.lang.invoke.DirectMethodHandle$Holder.invokeStaticInit(java.lang.Object, java.lang.Object, java.lang.Object, java.lang.Object)'> (0x00000007500b51e0) 
thrown [./open/src/hotspot/share/interpreter/linkResolver.cpp, line 766]
Event: 2.081 Thread 0x000002305230b000 Exception <a 'java/lang/IncompatibleClassChangeError'{0x00000007500bd7f8}: Found class java.lang.Object, but interface was expected> (0x00000007500bd7f8) 
thrown [./open/src/hotspot/share/interpreter/linkResolver.cpp, line 832]
Event: 2.082 Thread 0x000002305230b000 Exception <a 'java/lang/NoSuchMethodError'{0x00000007500c2c48}: 'int java.lang.invoke.DirectMethodHandle$Holder.invokeStaticInit(java.lang.Object, java.lang.Object)'> (0x00000007500c2c48) 
thrown [./open/src/hotspot/share/interpreter/linkResolver.cpp, line 766]

Events (20 events):
Event: 2.136 loading class javax/net/ssl/X509KeyManager
Event: 2.136 loading class javax/net/ssl/KeyManager
Event: 2.136 loading class javax/net/ssl/KeyManager done
Event: 2.136 loading class javax/net/ssl/X509KeyManager done
Event: 2.136 loading class javax/net/ssl/X509ExtendedKeyManager done
Event: 2.136 loading class sun/security/ssl/DummyX509KeyManager done
Event: 2.136 loading class sun/security/ssl/AbstractTrustManagerWrapper
Event: 2.136 loading class sun/security/ssl/AbstractTrustManagerWrapper done
Event: 2.136 loading class java/security/DrbgParameters$NextBytes
Event: 2.136 loading class java/security/DrbgParameters$NextBytes done
Event: 2.136 loading class sun/security/provider/AbstractDrbg$SeederHolder
Event: 2.136 loading class sun/security/provider/AbstractDrbg$SeederHolder done
Event: 2.136 loading class sun/security/provider/SeedGenerator
Event: 2.136 loading class sun/security/provider/SeedGenerator done
Event: 2.136 loading class sun/security/provider/NativeSeedGenerator
Event: 2.136 loading class sun/security/provider/NativeSeedGenerator done
Event: 2.140 loading class sun/security/provider/SeedGenerator$1
Event: 2.141 loading class sun/security/provider/SeedGenerator$1 done
Event: 2.141 loading class sun/security/provider/ByteArrayAccess
Event: 2.141 loading class sun/security/provider/ByteArrayAccess done


Dynamic libraries:
0x00007ff618d90000 - 0x00007ff618d9f000 	C:\Program Files\Java\jdk-14.0.1\bin\javaw.exe
0x00007ff8c6370000 - 0x00007ff8c6565000 	C:\WINDOWS\SYSTEM32\ntdll.dll
0x00007ff8c5d30000 - 0x00007ff8c5ded000 	C:\WINDOWS\System32\KERNEL32.DLL
0x00007ff8c3ab0000 - 0x00007ff8c3d78000 	C:\WINDOWS\System32\KERNELBASE.dll
0x00007ff8c4090000 - 0x00007ff8c4190000 	C:\WINDOWS\System32\ucrtbase.dll
0x00007ff8b8b80000 - 0x00007ff8b8b98000 	C:\Program Files\Java\jdk-14.0.1\bin\jli.dll
0x00007ff8b8b60000 - 0x00007ff8b8b75000 	C:\Program Files\Java\jdk-14.0.1\bin\VCRUNTIME140.dll
0x00007ff8c5290000 - 0x00007ff8c533c000 	C:\WINDOWS\System32\ADVAPI32.dll
0x00007ff8c4fa0000 - 0x00007ff8c503e000 	C:\WINDOWS\System32\msvcrt.dll
0x00007ff8c5040000 - 0x00007ff8c50db000 	C:\WINDOWS\System32\sechost.dll
0x00007ff8c4d50000 - 0x00007ff8c4e7b000 	C:\WINDOWS\System32\RPCRT4.dll
0x00007ff8c5700000 - 0x00007ff8c58a0000 	C:\WINDOWS\System32\USER32.dll
0x00007ff8c3e30000 - 0x00007ff8c3e52000 	C:\WINDOWS\System32\win32u.dll
0x00007ff8c4b50000 - 0x00007ff8c4b7a000 	C:\WINDOWS\System32\GDI32.dll
0x00007ff8abee0000 - 0x00007ff8ac17a000 	C:\WINDOWS\WinSxS\amd64_microsoft.windows.common-controls_6595b64144ccf1df_6.0.19041.844_none_ca00b6081b84eb1d\COMCTL32.dll
0x00007ff8c4190000 - 0x00007ff8c429b000 	C:\WINDOWS\System32\gdi32full.dll
0x00007ff8c3fc0000 - 0x00007ff8c405d000 	C:\WINDOWS\System32\msvcp_win.dll
0x00007ff8b9c10000 - 0x00007ff8b9c1a000 	C:\WINDOWS\SYSTEM32\VERSION.dll
0x00007ff8c5b20000 - 0x00007ff8c5b50000 	C:\WINDOWS\System32\IMM32.DLL
0x00007ff8b2be0000 - 0x00007ff8b2c7b000 	C:\Program Files\Java\jdk-14.0.1\bin\msvcp140.dll
0x00007ff888db0000 - 0x00007ff8898ce000 	C:\Program Files\Java\jdk-14.0.1\bin\server\jvm.dll
0x00007ff8c4cb0000 - 0x00007ff8c4cb8000 	C:\WINDOWS\System32\PSAPI.DLL
0x00007ff8aaa30000 - 0x00007ff8aaa39000 	C:\WINDOWS\SYSTEM32\WSOCK32.dll
0x00007ff8b72f0000 - 0x00007ff8b7317000 	C:\WINDOWS\SYSTEM32\WINMM.dll
0x00007ff8c59e0000 - 0x00007ff8c5a4b000 	C:\WINDOWS\System32\WS2_32.dll
0x00007ff8c23d0000 - 0x00007ff8c23e2000 	C:\WINDOWS\SYSTEM32\kernel.appcore.dll
0x00007ff8bd330000 - 0x00007ff8bd33a000 	C:\Program Files\Java\jdk-14.0.1\bin\jimage.dll
0x00007ff8ba740000 - 0x00007ff8ba924000 	C:\WINDOWS\SYSTEM32\DBGHELP.DLL
0x00007ff8ba450000 - 0x00007ff8ba47c000 	C:\WINDOWS\SYSTEM32\dbgcore.DLL
0x00007ff8c42f0000 - 0x00007ff8c4370000 	C:\WINDOWS\System32\bcryptPrimitives.dll
0x00007ff8ba1a0000 - 0x00007ff8ba1c5000 	C:\Program Files\Java\jdk-14.0.1\bin\java.dll
0x00007ff8bab40000 - 0x00007ff8bab56000 	C:\Program Files\Java\jdk-14.0.1\bin\zip.dll
0x00007ff8c43f0000 - 0x00007ff8c4b32000 	C:\WINDOWS\System32\SHELL32.dll
0x00007ff8c1780000 - 0x00007ff8c1f11000 	C:\WINDOWS\SYSTEM32\windows.storage.dll
0x00007ff8c5340000 - 0x00007ff8c5695000 	C:\WINDOWS\System32\combase.dll
0x00007ff8c3520000 - 0x00007ff8c354c000 	C:\WINDOWS\SYSTEM32\Wldp.dll
0x00007ff8c5c80000 - 0x00007ff8c5d2e000 	C:\WINDOWS\System32\SHCORE.dll
0x00007ff8c58a0000 - 0x00007ff8c58f5000 	C:\WINDOWS\System32\shlwapi.dll
0x00007ff8c39f0000 - 0x00007ff8c3a0f000 	C:\WINDOWS\SYSTEM32\profapi.dll
0x00007ff8b9e90000 - 0x00007ff8b9ea9000 	C:\Program Files\Java\jdk-14.0.1\bin\net.dll
0x00007ff8b9680000 - 0x00007ff8b978b000 	C:\WINDOWS\SYSTEM32\WINHTTP.dll
0x00007ff8c3290000 - 0x00007ff8c32fa000 	C:\WINDOWS\system32\mswsock.dll
0x00007ff8b9bd0000 - 0x00007ff8b9be2000 	C:\Program Files\Java\jdk-14.0.1\bin\nio.dll
0x00007ff8b2a40000 - 0x00007ff8b2bd8000 	C:\Program Files\Java\jdk-14.0.1\bin\awt.dll
0x00007ff8c5a50000 - 0x00007ff8c5b1d000 	C:\WINDOWS\System32\OLEAUT32.dll
0x00007ff8c0460000 - 0x00007ff8c04f0000 	C:\WINDOWS\SYSTEM32\apphelp.dll
0x00007ff8c09d0000 - 0x00007ff8c0a6e000 	C:\WINDOWS\system32\uxtheme.dll
0x00007ff8c4e80000 - 0x00007ff8c4f95000 	C:\WINDOWS\System32\MSCTF.dll
0x00007ff8c5b50000 - 0x00007ff8c5c7a000 	C:\WINDOWS\System32\ole32.dll
0x00007ff8c0d50000 - 0x00007ff8c0d7f000 	C:\WINDOWS\system32\DWMAPI.DLL
0x00007ff8baee0000 - 0x00007ff8bb006000 	C:\WINDOWS\system32\opengl32.dll
0x00007ff8bf0a0000 - 0x00007ff8bf0cc000 	C:\WINDOWS\SYSTEM32\GLU32.dll
0x00007ff8b7430000 - 0x00007ff8b745d000 	C:\Program Files\Java\jdk-14.0.1\bin\javajpeg.dll
0x00007ff8b2460000 - 0x00007ff8b24e2000 	C:\Program Files\Java\jdk-14.0.1\bin\freetype.dll
0x00007ff898690000 - 0x00007ff898736000 	C:\Program Files\Java\jdk-14.0.1\bin\fontmanager.dll
0x00007ff8b48f0000 - 0x00007ff8b49e9000 	C:\WINDOWS\SYSTEM32\textinputframework.dll
0x00007ff8bfe70000 - 0x00007ff8bff62000 	C:\WINDOWS\System32\CoreMessaging.dll
0x00007ff8bfa80000 - 0x00007ff8bfdde000 	C:\WINDOWS\System32\CoreUIComponents.dll
0x00007ff8c27f0000 - 0x00007ff8c2823000 	C:\WINDOWS\SYSTEM32\ntmarta.dll
0x00007ff8be710000 - 0x00007ff8be864000 	C:\WINDOWS\SYSTEM32\wintypes.dll
0x00007ff8c2f80000 - 0x00007ff8c304c000 	C:\WINDOWS\SYSTEM32\DNSAPI.dll
0x00007ff8c2f30000 - 0x00007ff8c2f6b000 	C:\WINDOWS\SYSTEM32\IPHLPAPI.DLL
0x00007ff8c5df0000 - 0x00007ff8c5df8000 	C:\WINDOWS\System32\NSI.dll
0x00007ff8bb490000 - 0x00007ff8bb49a000 	C:\Windows\System32\rasadhlp.dll
0x00007ff8b8340000 - 0x00007ff8b83bf000 	C:\WINDOWS\System32\fwpuclnt.dll
0x00007ff8c4060000 - 0x00007ff8c4087000 	C:\WINDOWS\System32\bcrypt.dll
0x00007ff8bd030000 - 0x00007ff8bd03e000 	C:\Program Files\Java\jdk-14.0.1\bin\sunmscapi.dll
0x00007ff8c3e60000 - 0x00007ff8c3fbf000 	C:\WINDOWS\System32\CRYPT32.dll
0x00007ff8c3590000 - 0x00007ff8c35b7000 	C:\WINDOWS\SYSTEM32\ncrypt.dll
0x00007ff8c3550000 - 0x00007ff8c358b000 	C:\WINDOWS\SYSTEM32\NTASN1.dll
0x00007ff8b6220000 - 0x00007ff8b6245000 	C:\Program Files\Java\jdk-14.0.1\bin\sunec.dll
0x00007ff8c3460000 - 0x00007ff8c3478000 	C:\WINDOWS\SYSTEM32\CRYPTSP.dll
0x00007ff8c2bc0000 - 0x00007ff8c2bf4000 	C:\WINDOWS\system32\rsaenh.dll
0x00007ff8c39b0000 - 0x00007ff8c39de000 	C:\WINDOWS\SYSTEM32\USERENV.dll
0x00007ff8c3480000 - 0x00007ff8c348c000 	C:\WINDOWS\SYSTEM32\CRYPTBASE.dll
0x00007ff8bbfd0000 - 0x00007ff8bbfe7000 	C:\WINDOWS\SYSTEM32\dhcpcsvc6.DLL
0x00007ff8bbde0000 - 0x00007ff8bbdfd000 	C:\WINDOWS\SYSTEM32\dhcpcsvc.DLL

dbghelp: loaded successfully - version: 4.0.5 - missing functions: none
symbol engine: initialized successfully - sym options: 0x614 - pdb path: .;C:\Program Files\Java\jdk-14.0.1\bin;C:\WINDOWS\SYSTEM32;C:\WINDOWS\WinSxS\amd64_microsoft.windows.common-controls_6595b64144ccf1df_6.0.19041.844_none_ca00b6081b84eb1d;C:\Program Files\Java\jdk-14.0.1\bin\server

VM Arguments:
jvm_args: -Dfile.encoding=Cp1252 --module-path=C:\Users\Anurag\workspace\Emp_mangament_system\bin -Djdk.module.main=emp_mangament_system 
java_command: emp_mangament_system/employee_pkg.emp_details
java_class_path (initial): C:\Users\Anurag\workspace\Emp_mangament_system\src\mysql-connector-java-8.0.20.jar
Launcher Type: SUN_STANDARD

[Global flags]
     intx CICompilerCount                          = 3                                         {product} {ergonomic}
     uint ConcGCThreads                            = 1                                         {product} {ergonomic}
     uint G1ConcRefinementThreads                  = 4                                         {product} {ergonomic}
   size_t G1HeapRegionSize                         = 1048576                                   {product} {ergonomic}
    uintx GCDrainStackTargetSize                   = 64                                        {product} {ergonomic}
   size_t InitialHeapSize                          = 197132288                                 {product} {ergonomic}
   size_t MarkStackSize                            = 4194304                                   {product} {ergonomic}
   size_t MaxHeapSize                              = 3139436544                                {product} {ergonomic}
   size_t MaxNewSize                               = 1883242496                                {product} {ergonomic}
   size_t MinHeapDeltaBytes                        = 1048576                                   {product} {ergonomic}
   size_t MinHeapSize                              = 8388608                                   {product} {ergonomic}
    uintx NonNMethodCodeHeapSize                   = 5832780                                {pd product} {ergonomic}
    uintx NonProfiledCodeHeapSize                  = 122912730                              {pd product} {ergonomic}
    uintx ProfiledCodeHeapSize                     = 122912730                              {pd product} {ergonomic}
    uintx ReservedCodeCacheSize                    = 251658240                              {pd product} {ergonomic}
     bool SegmentedCodeCache                       = true                                      {product} {ergonomic}
   size_t SoftMaxHeapSize                          = 3139436544                             {manageable} {ergonomic}
     bool UseCompressedClassPointers               = true                                 {lp64_product} {ergonomic}
     bool UseCompressedOops                        = true                                 {lp64_product} {ergonomic}
     bool UseG1GC                                  = true                                      {product} {ergonomic}
     bool UseLargePagesIndividualAllocation        = false                                  {pd product} {ergonomic}

Logging:
Log output configuration:
 #0: stdout all=warning uptime,level,tags
 #1: stderr all=off uptime,level,tags

Environment Variables:
JAVA_HOME=C:\Program Files\Java\jdk-14.0.1
PATH=C:/Program Files/Java/jdk-14.0.1/bin/server;C:/Program Files/Java/jdk-14.0.1/bin;C:\Program Files (x86)\Intel\iCLS Client\;C:\Program Files\Intel\iCLS Client\;C:\WINDOWS\system32;C:\WINDOWS;C:\WINDOWS\System32\Wbem;C:\WINDOWS\System32\WindowsPowerShell\v1.0\;C:\WINDOWS\System32\OpenSSH\;C:\Program Files\Microsoft SQL Server\110\Tools\Binn;C:\Program Files\Microsoft SQL Server\Client SDK\ODBC\170\Tools\Binn\;C:\Program Files (x86)\Intel\Intel(R) Management Engine Components\DAL;C:\Program Files\Intel\Intel(R) Management Engine Components\DAL;C:\Program Files (x86)\Intel\Intel(R) Management Engine Components\IPT;C:\Program Files\Intel\Intel(R) Management Engine Components\IPT;C:\Program Files\Git\cmd;C:\Users\Anurag\anaconda3\Scripts\;C:\Users\Anurag\anaconda3;C:\Program Files\Intel\WiFi\bin\;C:\Program Files\Common Files\Intel\WirelessCommon\;C:\Program Files\Git LFS;C:\Program Files\Java\jdk-14.0.1\bin;C:\Program Files\MySQL\MySQL Shell 8.0\bin\;C:\Users\Anurag;C:\Users\Anurag\AppData\Local\Microsoft\WindowsApps;C:\Program Files\Java\jdk-14.0.1\bin;C:\Users\Anurag\anaconda3;C:\Users\Anurag\anaconda3\Scripts;C:\Program Files\Intel\WiFi\bin\;C:\Program Files\Common Files\Intel\WirelessCommon\;C:\Program Files\MySQL\MySQL Server 8.0\bin;C:\additional package\protoc\bin;C:\Program Files (x86)\GnuWin32\bin;;E:\Softwares\Java Eclipse\eclipse;
USERNAME=Anurag
OS=Windows_NT
PROCESSOR_IDENTIFIER=Intel64 Family 6 Model 69 Stepping 1, GenuineIntel



---------------  S Y S T E M  ---------------

OS: Windows 10 , 64 bit Build 19041 (10.0.19041.928)
OS uptime: 3 days 5:38 hours

CPU:total 4 (initial active 4) (2 cores per cpu, 2 threads per core) family 6 model 69 stepping 1, cmov, cx8, fxsr, mmx, sse, sse2, sse3, ssse3, sse4.1, sse4.2, popcnt, avx, avx2, aes, clmul, erms, lzcnt, ht, tsc, tscinvbit, bmi1, bmi2, fma

Memory: 4k page, system-wide physical 11974M (2799M free)
TotalPageFile size 31700M (AvailPageFile size 0M)
current process WorkingSet (physical memory assigned to process): 97M, peak: 97M
current process commit charge ("private bytes"): 294M, peak: 294M

vm_info: Java HotSpot(TM) 64-Bit Server VM (14.0.1+7) for windows-amd64 JRE (14.0.1+7), built on Mar  5 2020 10:30:14 by "mach5one" with MS VC++ 15.9 (VS2017)

END.
